<?xml version="1.0" encoding="UTF-8"?>
<testsuite xmlns:xsi="http://www.w3.org/2001/XMLSchema-instance" xsi:noNamespaceSchemaLocation="https://maven.apache.org/surefire/maven-surefire-plugin/xsd/surefire-test-report-3.0.xsd" version="3.0" name="com.elliekavanagh.rummikub.rules.RunValidatorTest" time="0.003" tests="5" errors="0" skipped="0" failures="0">
  <properties>
[...]
</properties>
  <testcase name="validSimpleRun_threeConsecutiveSameColor" classname="com.elliekavanagh.rummikub.rules.RunValidatorTest" time="0.001"/>
  <testcase name="invalidRun_mixedColors" classname="com.elliekavanagh.rummikub.rules.RunValidatorTest" time="0.0"/>
  <testcase name="validRun_withJokerFillingInternalGap" classname="com.elliekavanagh.rummikub.rules.RunValidatorTest" time="0.001"/>
  <testcase name="invalidRun_tooShort" classname="com.elliekavanagh.rummikub.rules.RunValidatorTest" time="0.0"/>
  <testcase name="invalidRun_duplicateValues" classname="com.elliekavanagh.rummikub.rules.RunValidatorTest" time="0.001"/>
</testsuite>